Pre-run cleanup with kill.sh
Waiting for '/home/milim/agent/rcrs-server/logs/log/kernel.log' to exist...
Still waiting for '/home/milim/agent/rcrs-server/logs/log/kernel.log' to exist...
TRACE startup : Reading included config 'common.cfg'
TRACE startup : Reading included config 'types.cfg'
TRACE startup : Setting 'loadabletypes.inspect.dir' to '../jars'
TRACE startup : Setting 'loadabletypes.inspect.deep' to 'yes'
TRACE startup : Setting 'random.seed' to '1023'
TRACE startup : Setting 'scenario.human.random-id' to 'true'
TRACE startup : Setting 'kernel.host' to 'localhost'
TRACE startup : Setting 'kernel.port' to '27931'
TRACE startup : Reading included config 'gis.cfg'
TRACE startup : Setting 'gis.map.dir' to '../maps/gml/legacy/Kobe'
TRACE startup : Setting 'gis.map.file' to 'map.gml'
TRACE startup : Setting 'gis.map.scenario' to 'scenario.xml'
TRACE startup : Setting 'gis.map.floor-placement.random' to 'true'
TRACE startup : Setting 'gis.map.floor-placement.random.floor-rate.1' to '2'
TRACE startup : Setting 'gis.map.floor-placement.random.floor-rate.2' to '1'
TRACE startup : Setting 'gis.map.floor-placement.random.floor-rate.3' to '1'
TRACE startup : Setting 'gis.map.building-code-placement.random' to 'true'
TRACE startup : Setting 'gis.map.building-code-placement.random.code-rate.0' to '75'
TRACE startup : Setting 'gis.map.building-code-placement.random.code-rate.1' to '20'
TRACE startup : Setting 'gis.map.building-code-placement.random.code-rate.2' to '5'
TRACE startup : Reading included config 'comms.cfg'
TRACE startup : Reading included config 'comms/comms-01-full.cfg'
TRACE startup : Setting 'comms.channels.count' to '3'
TRACE startup : Setting 'comms.channels.0.type' to 'voice'
TRACE startup : Setting 'comms.channels.0.range' to '30000'
TRACE startup : Setting 'comms.channels.0.messages.size' to '256'
TRACE startup : Setting 'comms.channels.0.messages.max' to '1'
TRACE startup : Setting 'comms.channels.0.noise.input.dropout.use' to 'yes'
TRACE startup : Setting 'comms.channels.0.noise.input.dropout.p' to '0.1'
TRACE startup : Setting 'comms.channels.1.type' to 'radio'
TRACE startup : Setting 'comms.channels.1.bandwidth' to '4000'
TRACE startup : Setting 'comms.channels.2.type' to 'radio'
TRACE startup : Setting 'comms.channels.2.bandwidth' to '4000'
TRACE startup : Setting 'comms.channels.max.platoon' to '2'
TRACE startup : Setting 'comms.channels.max.centre' to '2'
TRACE startup : Reading included config 'perception.cfg'
TRACE startup : Setting 'perception.standard.view-distance' to '10000'
TRACE startup : Setting 'perception.standard.use-far-fires' to 'true'
TRACE startup : Setting 'perception.standard.far-fire-distance' to '10000'
TRACE startup : Setting 'perception.standard.hp-precision' to '1000'
TRACE startup : Setting 'perception.standard.damage-precision' to '100'
TRACE startup : Setting 'perception.los.max-distance' to '30000'
TRACE startup : Setting 'perception.los.ray-count' to '72'
TRACE startup : Setting 'perception.los.precision.hp' to '1'
TRACE startup : Setting 'perception.los.precision.damage' to '1'
TRACE startup : Reading included config 'score.cfg'
TRACE startup : Setting 'score.function' to 'rescuecore2.standard.score.RSL21ScoreFunction'
TRACE startup : Setting 'score.standard.building-fire.heating' to '0.66'
TRACE startup : Setting 'score.standard.building-fire.burning' to '0.33'
TRACE startup : Setting 'score.standard.building-fire.inferno' to '0.0'
TRACE startup : Setting 'score.standard.building-fire.water-damage' to '0.90'
TRACE startup : Setting 'score.standard.building-fire.minor-damage' to '0.75'
TRACE startup : Setting 'score.standard.building-fire.moderate-damage' to '0.5'
TRACE startup : Setting 'score.standard.building-fire.severe-damage' to '0.25'
TRACE startup : Setting 'score.standard.building-fire.burnt-out' to '0'
TRACE startup : Setting 'score.standard.building-fire.absolute' to 'false'
TRACE startup : Setting 'score.standard.health.absolute' to 'false'
TRACE startup : Reading included config 'collapse.cfg'
TRACE startup : Reading included config 'common.cfg'
TRACE startup : Reading included config 'types.cfg'
TRACE startup : Setting 'loadabletypes.inspect.dir' to '../jars'
TRACE startup : Setting 'loadabletypes.inspect.deep' to 'yes'
TRACE startup : Setting 'random.seed' to '1023'
TRACE startup : Setting 'scenario.human.random-id' to 'true'
TRACE startup : Setting 'kernel.host' to 'localhost'
TRACE startup : Setting 'kernel.port' to '27931'
TRACE startup : Setting 'collapse.wood.p-destroyed' to '0.6'
TRACE startup : Setting 'collapse.wood.p-severe' to '0.4'
TRACE startup : Setting 'collapse.wood.p-moderate' to '0'
TRACE startup : Setting 'collapse.wood.p-slight' to '0'
TRACE startup : Setting 'collapse.wood.p-none' to '0'
TRACE startup : Setting 'collapse.steel.p-destroyed' to '0.6'
TRACE startup : Setting 'collapse.steel.p-severe' to '0.4'
TRACE startup : Setting 'collapse.steel.p-moderate' to '0'
TRACE startup : Setting 'collapse.steel.p-slight' to '0'
TRACE startup : Setting 'collapse.steel.p-none' to '0'
TRACE startup : Setting 'collapse.concrete.p-destroyed' to '0.4'
TRACE startup : Setting 'collapse.concrete.p-severe' to '0.6'
TRACE startup : Setting 'collapse.concrete.p-moderate' to '0'
TRACE startup : Setting 'collapse.concrete.p-slight' to '0'
TRACE startup : Setting 'collapse.concrete.p-none' to '0'
TRACE startup : Setting 'collapse.destroyed.mean' to '100'
TRACE startup : Setting 'collapse.destroyed.sd' to '5'
TRACE startup : Setting 'collapse.severe.mean' to '75'
TRACE startup : Setting 'collapse.severe.sd' to '5'
TRACE startup : Setting 'collapse.moderate.mean' to '50'
TRACE startup : Setting 'collapse.moderate.sd' to '5'
TRACE startup : Setting 'collapse.slight.mean' to '25'
TRACE startup : Setting 'collapse.slight.sd' to '5'
TRACE startup : Setting 'collapse.create-road-blockages' to 'false'
TRACE startup : Setting 'collapse.floor-height' to '7'
TRACE startup : Setting 'collapse.wall-extent.min' to '0.4'
TRACE startup : Setting 'collapse.wall-extent.max' to '1'
TRACE startup : Reading included config 'clear.cfg'
TRACE startup : Reading included config 'common.cfg'
TRACE startup : Reading included config 'types.cfg'
TRACE startup : Setting 'loadabletypes.inspect.dir' to '../jars'
TRACE startup : Setting 'loadabletypes.inspect.deep' to 'yes'
TRACE startup : Setting 'random.seed' to '1023'
TRACE startup : Setting 'scenario.human.random-id' to 'true'
TRACE startup : Setting 'kernel.host' to 'localhost'
TRACE startup : Setting 'kernel.port' to '27931'
TRACE startup : Setting 'clear.repair.rate' to '15'
TRACE startup : Setting 'clear.repair.distance' to '10000'
TRACE startup : Setting 'clear.repair.rad' to '2000'
TRACE startup : Reading included config 'misc.cfg'
TRACE startup : Reading included config 'common.cfg'
TRACE startup : Reading included config 'types.cfg'
TRACE startup : Setting 'loadabletypes.inspect.dir' to '../jars'
TRACE startup : Setting 'loadabletypes.inspect.deep' to 'yes'
TRACE startup : Setting 'random.seed' to '1023'
TRACE startup : Setting 'scenario.human.random-id' to 'true'
TRACE startup : Setting 'kernel.host' to 'localhost'
TRACE startup : Setting 'kernel.port' to '27931'
TRACE startup : Setting 'misc.buriedness.wood.none.value' to '0'
TRACE startup : Setting 'misc.buriedness.wood.partial.value' to '0'
TRACE startup : Setting 'misc.buriedness.wood.half.value' to '0'
TRACE startup : Setting 'misc.buriedness.wood.all.value' to '0'
TRACE startup : Setting 'misc.buriedness.steel.none.value' to '0'
TRACE startup : Setting 'misc.buriedness.steel.partial.value' to '0'
TRACE startup : Setting 'misc.buriedness.steel.half.value' to '0'
TRACE startup : Setting 'misc.buriedness.steel.all.value' to '0'
TRACE startup : Setting 'misc.buriedness.concrete.none.value' to '0'
TRACE startup : Setting 'misc.buriedness.concrete.partial.value' to '0'
TRACE startup : Setting 'misc.buriedness.concrete.half.value' to '0'
TRACE startup : Setting 'misc.buriedness.concrete.all.value' to '0'
TRACE startup : Setting 'misc.buriedness.wood.none.rate' to '0'
TRACE startup : Setting 'misc.buriedness.wood.partial.rate' to '1'
TRACE startup : Setting 'misc.buriedness.wood.half.rate' to '1'
TRACE startup : Setting 'misc.buriedness.wood.all.rate' to '1'
TRACE startup : Setting 'misc.buriedness.steel.none.rate' to '0'
TRACE startup : Setting 'misc.buriedness.steel.partial.rate' to '0.008'
TRACE startup : Setting 'misc.buriedness.steel.half.rate' to '0.008'
TRACE startup : Setting 'misc.buriedness.steel.all.rate' to '0.008'
TRACE startup : Setting 'misc.buriedness.concrete.none.rate' to '0'
TRACE startup : Setting 'misc.buriedness.concrete.partial.rate' to '0.008'
TRACE startup : Setting 'misc.buriedness.concrete.half.rate' to '0.008'
TRACE startup : Setting 'misc.buriedness.concrete.all.rate' to '0.008'
TRACE startup : Setting 'misc.injury.collapse.wood.none.slight' to '0'
TRACE startup : Setting 'misc.injury.collapse.wood.none.serious' to '0'
TRACE startup : Setting 'misc.injury.collapse.wood.none.critical' to '0'
TRACE startup : Setting 'misc.injury.collapse.wood.partial.slight' to '0.5'
TRACE startup : Setting 'misc.injury.collapse.wood.partial.serious' to '0.3'
TRACE startup : Setting 'misc.injury.collapse.wood.partial.critical' to '0.02'
TRACE startup : Setting 'misc.injury.collapse.wood.half.slight' to '0.5'
TRACE startup : Setting 'misc.injury.collapse.wood.half.serious' to '0.3'
TRACE startup : Setting 'misc.injury.collapse.wood.half.critical' to '0.02'
TRACE startup : Setting 'misc.injury.collapse.wood.all.slight' to '0.5'
TRACE startup : Setting 'misc.injury.collapse.wood.all.serious' to '0.3'
TRACE startup : Setting 'misc.injury.collapse.wood.all.critical' to '0.02'
TRACE startup : Setting 'misc.injury.collapse.steel.none.slight' to '0'
TRACE startup : Setting 'misc.injury.collapse.steel.none.serious' to '0'
TRACE startup : Setting 'misc.injury.collapse.steel.none.critical' to '0'
TRACE startup : Setting 'misc.injury.collapse.steel.partial.slight' to '0.1'
TRACE startup : Setting 'misc.injury.collapse.steel.partial.serious' to '0.03'
TRACE startup : Setting 'misc.injury.collapse.steel.partial.critical' to '0.005'
TRACE startup : Setting 'misc.injury.collapse.steel.half.slight' to '0.1'
TRACE startup : Setting 'misc.injury.collapse.steel.half.serious' to '0.03'
TRACE startup : Setting 'misc.injury.collapse.steel.half.critical' to '0.005'
TRACE startup : Setting 'misc.injury.collapse.steel.all.slight' to '0.1'
TRACE startup : Setting 'misc.injury.collapse.steel.all.serious' to '0.03'
TRACE startup : Setting 'misc.injury.collapse.steel.all.critical' to '0.005'
TRACE startup : Setting 'misc.injury.collapse.concrete.none.slight' to '0'
TRACE startup : Setting 'misc.injury.collapse.concrete.none.serious' to '0'
TRACE startup : Setting 'misc.injury.collapse.concrete.none.critical' to '0'
TRACE startup : Setting 'misc.injury.collapse.concrete.partial.slight' to '0.1'
TRACE startup : Setting 'misc.injury.collapse.concrete.partial.serious' to '0.03'
TRACE startup : Setting 'misc.injury.collapse.concrete.partial.critical' to '0.005'
TRACE startup : Setting 'misc.injury.collapse.concrete.half.slight' to '0.1'
TRACE startup : Setting 'misc.injury.collapse.concrete.half.serious' to '0.03'
TRACE startup : Setting 'misc.injury.collapse.concrete.half.critical' to '0.005'
TRACE startup : Setting 'misc.injury.collapse.concrete.all.slight' to '0.1'
TRACE startup : Setting 'misc.injury.collapse.concrete.all.serious' to '0.03'
TRACE startup : Setting 'misc.injury.collapse.concrete.all.critical' to '0.005'
TRACE startup : Setting 'misc.injury.collapse.slight' to '2'
TRACE startup : Setting 'misc.injury.collapse.serious' to '10'
TRACE startup : Setting 'misc.injury.collapse.critical' to '10000'
TRACE startup : Setting 'misc.injury.collapse.multiplier.ambulance' to '0.2'
TRACE startup : Setting 'misc.injury.collapse.multiplier.police' to '0.2'
TRACE startup : Setting 'misc.injury.collapse.multiplier.fire' to '0.2'
TRACE startup : Setting 'misc.injury.bury.wood.none.slight' to '0'
TRACE startup : Setting 'misc.injury.bury.wood.none.serious' to '0'
TRACE startup : Setting 'misc.injury.bury.wood.none.critical' to '0'
TRACE startup : Setting 'misc.injury.bury.wood.partial.slight' to '0.4'
TRACE startup : Setting 'misc.injury.bury.wood.partial.serious' to '0.5'
TRACE startup : Setting 'misc.injury.bury.wood.partial.critical' to '0.1'
TRACE startup : Setting 'misc.injury.bury.wood.half.slight' to '0.4'
TRACE startup : Setting 'misc.injury.bury.wood.half.serious' to '0.5'
TRACE startup : Setting 'misc.injury.bury.wood.half.critical' to '0.1'
TRACE startup : Setting 'misc.injury.bury.wood.all.slight' to '0.4'
TRACE startup : Setting 'misc.injury.bury.wood.all.serious' to '0.5'
TRACE startup : Setting 'misc.injury.bury.wood.all.critical' to '0.1'
TRACE startup : Setting 'misc.injury.bury.steel.none.slight' to '0'
TRACE startup : Setting 'misc.injury.bury.steel.none.serious' to '0'
TRACE startup : Setting 'misc.injury.bury.steel.none.critical' to '0'
TRACE startup : Setting 'misc.injury.bury.steel.partial.slight' to '0.4'
TRACE startup : Setting 'misc.injury.bury.steel.partial.serious' to '0.5'
TRACE startup : Setting 'misc.injury.bury.steel.partial.critical' to '0.1'
TRACE startup : Setting 'misc.injury.bury.steel.half.slight' to '0.4'
TRACE startup : Setting 'misc.injury.bury.steel.half.serious' to '0.5'
TRACE startup : Setting 'misc.injury.bury.steel.half.critical' to '0.1'
TRACE startup : Setting 'misc.injury.bury.steel.all.slight' to '0.4'
TRACE startup : Setting 'misc.injury.bury.steel.all.serious' to '0.5'
TRACE startup : Setting 'misc.injury.bury.steel.all.critical' to '0.1'
TRACE startup : Setting 'misc.injury.bury.concrete.none.slight' to '0'
TRACE startup : Setting 'misc.injury.bury.concrete.none.serious' to '0'
TRACE startup : Setting 'misc.injury.bury.concrete.none.critical' to '0'
TRACE startup : Setting 'misc.injury.bury.concrete.partial.slight' to '0.4'
TRACE startup : Setting 'misc.injury.bury.concrete.partial.serious' to '0.5'
TRACE startup : Setting 'misc.injury.bury.concrete.partial.critical' to '0.1'
TRACE startup : Setting 'misc.injury.bury.concrete.half.slight' to '0.4'
TRACE startup : Setting 'misc.injury.bury.concrete.half.serious' to '0.5'
TRACE startup : Setting 'misc.injury.bury.concrete.half.critical' to '0.1'
TRACE startup : Setting 'misc.injury.bury.concrete.all.slight' to '0.4'
TRACE startup : Setting 'misc.injury.bury.concrete.all.serious' to '0.5'
TRACE startup : Setting 'misc.injury.bury.concrete.all.critical' to '0.1'
TRACE startup : Setting 'misc.injury.bury.slight' to '3'
TRACE startup : Setting 'misc.injury.bury.serious' to '15'
TRACE startup : Setting 'misc.injury.bury.critical' to '100'
TRACE startup : Setting 'misc.injury.bury.multiplier.ambulance' to '0.2'
TRACE startup : Setting 'misc.injury.bury.multiplier.police' to '0.2'
TRACE startup : Setting 'misc.injury.bury.multiplier.fire' to '0.2'
TRACE startup : Setting 'misc.injury.fire.wood.none.slight' to '0.4'
TRACE startup : Setting 'misc.injury.fire.wood.none.serious' to '0.2'
TRACE startup : Setting 'misc.injury.fire.wood.none.critical' to '0.1'
TRACE startup : Setting 'misc.injury.fire.wood.partial.slight' to '0.4'
TRACE startup : Setting 'misc.injury.fire.wood.partial.serious' to '0.2'
TRACE startup : Setting 'misc.injury.fire.wood.partial.critical' to '0.1'
TRACE startup : Setting 'misc.injury.fire.wood.half.slight' to '0.4'
TRACE startup : Setting 'misc.injury.fire.wood.half.serious' to '0.2'
TRACE startup : Setting 'misc.injury.fire.wood.half.critical' to '0.1'
TRACE startup : Setting 'misc.injury.fire.wood.all.slight' to '0.4'
TRACE startup : Setting 'misc.injury.fire.wood.all.serious' to '0.2'
TRACE startup : Setting 'misc.injury.fire.wood.all.critical' to '0.1'
TRACE startup : Setting 'misc.injury.fire.steel.none.slight' to '0.4'
TRACE startup : Setting 'misc.injury.fire.steel.none.serious' to '0.2'
TRACE startup : Setting 'misc.injury.fire.steel.none.critical' to '0.1'
TRACE startup : Setting 'misc.injury.fire.steel.partial.slight' to '0.4'
TRACE startup : Setting 'misc.injury.fire.steel.partial.serious' to '0.2'
TRACE startup : Setting 'misc.injury.fire.steel.partial.critical' to '0.1'
TRACE startup : Setting 'misc.injury.fire.steel.half.slight' to '0.4'
TRACE startup : Setting 'misc.injury.fire.steel.half.serious' to '0.2'
TRACE startup : Setting 'misc.injury.fire.steel.half.critical' to '0.1'
TRACE startup : Setting 'misc.injury.fire.steel.all.slight' to '0.4'
TRACE startup : Setting 'misc.injury.fire.steel.all.serious' to '0.2'
TRACE startup : Setting 'misc.injury.fire.steel.all.critical' to '0.1'
TRACE startup : Setting 'misc.injury.fire.concrete.none.slight' to '0.4'
TRACE startup : Setting 'misc.injury.fire.concrete.none.serious' to '0.2'
TRACE startup : Setting 'misc.injury.fire.concrete.none.critical' to '0.1'
TRACE startup : Setting 'misc.injury.fire.concrete.partial.slight' to '0.4'
TRACE startup : Setting 'misc.injury.fire.concrete.partial.serious' to '0.2'
TRACE startup : Setting 'misc.injury.fire.concrete.partial.critical' to '0.1'
TRACE startup : Setting 'misc.injury.fire.concrete.half.slight' to '0.4'
TRACE startup : Setting 'misc.injury.fire.concrete.half.serious' to '0.2'
TRACE startup : Setting 'misc.injury.fire.concrete.half.critical' to '0.1'
TRACE startup : Setting 'misc.injury.fire.concrete.all.slight' to '0.4'
TRACE startup : Setting 'misc.injury.fire.concrete.all.serious' to '0.2'
TRACE startup : Setting 'misc.injury.fire.concrete.all.critical' to '0.1'
TRACE startup : Setting 'misc.injury.fire.slight' to '5'
TRACE startup : Setting 'misc.injury.fire.serious' to '20'
TRACE startup : Setting 'misc.injury.fire.critical' to '100'
TRACE startup : Setting 'misc.injury.fire.multiplier.ambulance' to '1'
TRACE startup : Setting 'misc.injury.fire.multiplier.police' to '1'
TRACE startup : Setting 'misc.injury.fire.multiplier.fire' to '0.2'
TRACE startup : Setting 'misc.injury.collapse.k' to '0.00025'
TRACE startup : Setting 'misc.injury.collapse.l' to '0.01'
TRACE startup : Setting 'misc.injury.collapse.noise.mean' to '0.1'
TRACE startup : Setting 'misc.injury.collapse.noise.sd' to '0.01'
TRACE startup : Setting 'misc.injury.bury.k' to '0.000035'
TRACE startup : Setting 'misc.injury.bury.l' to '0.01'
TRACE startup : Setting 'misc.injury.bury.noise.mean' to '0.1'
TRACE startup : Setting 'misc.injury.bury.noise.sd' to '0.01'
TRACE startup : Setting 'misc.injury.fire.k' to '0.00025'
TRACE startup : Setting 'misc.injury.fire.l' to '0.03'
TRACE startup : Setting 'misc.injury.fire.noise.mean' to '0.1'
TRACE startup : Setting 'misc.injury.fire.noise.sd' to '0.01'
TRACE startup : Reading included config 'resq-fire.cfg'
TRACE startup : Reading included config 'common.cfg'
TRACE startup : Reading included config 'types.cfg'
TRACE startup : Setting 'loadabletypes.inspect.dir' to '../jars'
TRACE startup : Setting 'loadabletypes.inspect.deep' to 'yes'
TRACE startup : Setting 'random.seed' to '1023'
TRACE startup : Setting 'scenario.human.random-id' to 'true'
TRACE startup : Setting 'kernel.host' to 'localhost'
TRACE startup : Setting 'kernel.port' to '27931'
TRACE startup : Setting 'resq-fire.water_capacity' to '15000'
TRACE startup : Setting 'fire.tank.maximum' to '15000'
TRACE startup : Setting 'resq-fire.water_refill_rate' to '1500'
TRACE startup : Setting 'fire.tank.refill_rate' to '1500'
TRACE startup : Setting 'resq-fire.water_hydrant_refill_rate' to '400'
TRACE startup : Setting 'fire.tank.refill_hydrant_rate' to '400'
TRACE startup : Setting 'resq-fire.water_distance' to '50000'
TRACE startup : Setting 'fire.extinguish.max-distance' to '50000'
TRACE startup : Setting 'fire.extinguish.max-sum' to '3000'
TRACE startup : Setting 'resq-fire.max_extinguish_power_sum' to '3000'
TRACE startup : Setting 'resq-fire.rays.dir' to 'rays'
TRACE startup : Setting 'resq-fire.wind_speed' to '0'
TRACE startup : Setting 'resq-fire.steel_capacity' to '1.0'
TRACE startup : Setting 'resq-fire.wooden_energy' to '2400.0'
TRACE startup : Setting 'resq-fire.cell_size' to '5000'
TRACE startup : Setting 'resq-fire.air_cell_heat_capacity' to '0.004'
TRACE startup : Setting 'resq-fire.wooden_ignition' to '47.0'
TRACE startup : Setting 'resq-fire.water_thermal_capacity' to '20'
TRACE startup : Setting 'resq-fire.steel_burning' to '850.0'
TRACE startup : Setting 'resq-fire.concrete_energy' to '350.0'
TRACE startup : Setting 'resq-fire.air_to_air_flow' to '1.0'
TRACE startup : Setting 'resq-fire.gamma' to '0.2'
TRACE startup : Setting 'resq-fire.ambulancecenter_inflammable' to 'false'
TRACE startup : Setting 'resq-fire.steel_ignition' to '47.0'
TRACE startup : Setting 'resq-fire.wind_random' to '1'
TRACE startup : Setting 'resq-fire.radiation_coefficient' to '0.011'
TRACE startup : Setting 'resq-fire.steel_energy' to '800.0'
TRACE startup : Setting 'resq-fire.wooden_burning' to '800.0'
TRACE startup : Setting 'resq-fire.refuge_inflammable' to 'false'
TRACE startup : Setting 'resq-fire.policeoffice_inflammable' to 'false'
TRACE startup : Setting 'resq-fire.air_to_building_flow' to '0.0015'
TRACE startup : Setting 'resq-fire.concrete_burning' to '800.0'
TRACE startup : Setting 'resq-fire.wooden_capacity' to '1.1'
TRACE startup : Setting 'resq-fire.concrete_ignition' to '47.0'
TRACE startup : Setting 'resq-fire.wind_direction' to '100.0'
TRACE startup : Setting 'resq-fire.concrete_speed' to '0.05'
TRACE startup : Setting 'resq-fire.firestation_inflammable' to 'false'
TRACE startup : Setting 'resq-fire.steel_speed' to '0.05'
TRACE startup : Setting 'resq-fire.randomseed' to '23'
TRACE startup : Setting 'resq-fire.concrete_capacity' to '1.5'
TRACE startup : Setting 'resq-fire.wooden_speed' to '0.05'
TRACE startup : Setting 'resq-fire.energy_loss' to '0.86'
TRACE startup : Setting 'resq-fire.ray_rate' to '0.0025'
TRACE startup : Setting 'resq-fire.max_ray_distance' to '200000'
TRACE startup : Setting 'resq-fire.burn-rate-average' to '0.15'
TRACE startup : Setting 'resq-fire.burn-rate-variance' to '0.02'
TRACE startup : Reading included config 'traffic3.cfg'
TRACE startup : Reading included config 'common.cfg'
TRACE startup : Reading included config 'types.cfg'
TRACE startup : Setting 'loadabletypes.inspect.dir' to '../jars'
TRACE startup : Setting 'loadabletypes.inspect.deep' to 'yes'
TRACE startup : Setting 'random.seed' to '1023'
TRACE startup : Setting 'scenario.human.random-id' to 'true'
TRACE startup : Setting 'kernel.host' to 'localhost'
TRACE startup : Setting 'kernel.port' to '27931'
TRACE startup : Reading included config 'ignition.cfg'
TRACE startup : Reading included config 'common.cfg'
TRACE startup : Reading included config 'types.cfg'
TRACE startup : Setting 'loadabletypes.inspect.dir' to '../jars'
TRACE startup : Setting 'loadabletypes.inspect.deep' to 'yes'
TRACE startup : Setting 'random.seed' to '1023'
TRACE startup : Setting 'scenario.human.random-id' to 'true'
TRACE startup : Setting 'kernel.host' to 'localhost'
TRACE startup : Setting 'kernel.port' to '27931'
TRACE startup : Setting 'ignition.random.lambda' to '0.000001'
TRACE startup : Setting 'ignition.gas_station.explosion.range' to '50000'
TRACE startup : Reading included config 'civilian.cfg'
TRACE startup : Reading included config 'common.cfg'
TRACE startup : Reading included config 'types.cfg'
TRACE startup : Setting 'loadabletypes.inspect.dir' to '../jars'
TRACE startup : Setting 'loadabletypes.inspect.deep' to 'yes'
TRACE startup : Setting 'random.seed' to '1023'
TRACE startup : Setting 'scenario.human.random-id' to 'true'
TRACE startup : Setting 'kernel.host' to 'localhost'
TRACE startup : Setting 'kernel.port' to '27931'
TRACE startup : Setting 'civilian.help.probability' to '0.1'
TRACE startup : Setting 'civilian.ouch.probability' to '0.1'
TRACE startup : Setting 'civilian.conscious.threshold' to '2500'
TRACE startup : Reading included config 'sample-agents.cfg'
TRACE startup : Reading included config 'common.cfg'
TRACE startup : Reading included config 'types.cfg'
TRACE startup : Setting 'loadabletypes.inspect.dir' to '../jars'
TRACE startup : Setting 'loadabletypes.inspect.deep' to 'yes'
TRACE startup : Setting 'random.seed' to '1023'
TRACE startup : Setting 'scenario.human.random-id' to 'true'
TRACE startup : Setting 'kernel.host' to 'localhost'
TRACE startup : Setting 'kernel.port' to '27931'
TRACE startup : Reading included config 'viewer.cfg'
TRACE startup : Reading included config 'common.cfg'
TRACE startup : Reading included config 'types.cfg'
TRACE startup : Setting 'loadabletypes.inspect.dir' to '../jars'
TRACE startup : Setting 'loadabletypes.inspect.deep' to 'yes'
TRACE startup : Setting 'random.seed' to '1023'
TRACE startup : Setting 'scenario.human.random-id' to 'true'
TRACE startup : Setting 'kernel.host' to 'localhost'
TRACE startup : Setting 'kernel.port' to '27931'
TRACE startup : Reading included config 'score.cfg'
TRACE startup : Setting 'score.function' to 'rescuecore2.standard.score.RSL21ScoreFunction'
TRACE startup : Setting 'score.standard.building-fire.heating' to '0.66'
TRACE startup : Setting 'score.standard.building-fire.burning' to '0.33'
TRACE startup : Setting 'score.standard.building-fire.inferno' to '0.0'
TRACE startup : Setting 'score.standard.building-fire.water-damage' to '0.90'
TRACE startup : Setting 'score.standard.building-fire.minor-damage' to '0.75'
TRACE startup : Setting 'score.standard.building-fire.moderate-damage' to '0.5'
TRACE startup : Setting 'score.standard.building-fire.severe-damage' to '0.25'
TRACE startup : Setting 'score.standard.building-fire.burnt-out' to '0'
TRACE startup : Setting 'score.standard.building-fire.absolute' to 'false'
TRACE startup : Setting 'score.standard.health.absolute' to 'false'
TRACE startup : Setting 'view.standard.human.icons.size' to '24'
TRACE startup : Setting 'view.standard.human.icons.use' to 'no'
TRACE startup : Setting 'kernel.logname' to '../logs/rescue.log'
TRACE startup : Setting 'kernel.timesteps' to '150'
TRACE startup : Setting 'kernel.termination' to 'kernel.TimestepTerminationCondition'
TRACE startup : Setting 'kernel.agents.think-time' to '500'
TRACE startup : Setting 'kernel.agents.ignoreuntil' to '3'
TRACE startup : Setting 'kernel.commandcollectors' to 'kernel.TimedCommandCollector'
TRACE startup : Setting 'kernel.commandfilters' to 'kernel.WrongTimeCommandFilter'
TRACE startup : Appending 'kernel.FrozenAgentsCommandFilter' to 'kernel.commandfilters'
TRACE startup : Appending 'rescuecore2.standard.kernel.DeadAgentsCommandFilter' to 'kernel.commandfilters'
TRACE startup : Appending 'rescuecore2.standard.kernel.BuriedAgentsCommandFilter' to 'kernel.commandfilters'
TRACE startup : Appending 'rescuecore2.standard.kernel.SingleCommandFilter' to 'kernel.commandfilters'
TRACE startup : Setting 'kernel.agents.registrar' to 'rescuecore2.standard.kernel.StandardAgentRegistrar'
TRACE startup : Setting 'kernel.startup.connect-time' to '300000'
TRACE startup : Setting 'kernel.gis.auto' to 'gis2.GMLWorldModelCreator'
TRACE startup : Setting 'kernel.perception.auto' to 'rescuecore2.standard.kernel.LineOfSightPerception'
TRACE startup : Setting 'kernel.communication.auto' to 'rescuecore2.standard.kernel.comms.ChannelCommunicationModel'
TRACE startup : Setting 'kernel.ui.components' to 'rescuecore2.standard.kernel.StandardWorldModelViewerComponent'
INFO startup : Looking for gis, perception, communication, agent, simulator and viewer implementations
INFO startup : Processing jar directory: /home/milim/agent/rcrs-server/scripts/../jars
INFO startup : Processing ../jars/resq-fire.jar
DEBUG startup : Inspecting manifest...
DEBUG startup : Looking for likely class names...
INFO startup : Processing ../jars/traffic3.jar
DEBUG startup : Inspecting manifest...
DEBUG startup : Looking for likely class names...
INFO startup : Adding traffic3.simulator.TrafficSimulator to kernel.simulators
INFO startup : Processing ../jars/misc.jar
DEBUG startup : Inspecting manifest...
DEBUG startup : Looking for likely class names...
INFO startup : Adding misc.MiscSimulator to kernel.simulators
INFO startup : Processing ../jars/ignition.jar
DEBUG startup : Inspecting manifest...
DEBUG startup : Looking for likely class names...
INFO startup : Adding ignition.IgnitionSimulator to kernel.simulators
INFO startup : Processing ../jars/gis2.jar
DEBUG startup : Inspecting manifest...
DEBUG startup : Looking for likely class names...
INFO startup : Adding gis2.GMLWorldModelCreator to kernel.gis
INFO startup : Processing ../jars/collapse.jar
DEBUG startup : Inspecting manifest...
DEBUG startup : Looking for likely class names...
INFO startup : Adding collapse.CollapseSimulator to kernel.simulators
INFO startup : Processing ../jars/sample.jar
DEBUG startup : Inspecting manifest...
DEBUG startup : Looking for likely class names...
INFO startup : Adding sample.SampleCivilian to kernel.agents
INFO startup : Adding sample.SampleViewer to kernel.viewers
INFO startup : Processing ../jars/standard.jar
DEBUG startup : Inspecting manifest...
DEBUG startup : Looking for likely class names...
INFO startup : Adding rescuecore2.standard.components.StandardSimulator to kernel.simulators
INFO startup : Adding rescuecore2.standard.components.StandardViewer to kernel.viewers
INFO startup : Registered factory 'rescuecore2.standard.entities.StandardEntityFactory' with registry System
INFO startup : Registered factory 'rescuecore2.standard.entities.StandardPropertyFactory' with registry System
INFO startup : Adding rescuecore2.standard.kernel.LineOfSightPerception to kernel.perception
INFO startup : Adding rescuecore2.standard.kernel.StandardPerception to kernel.perception
INFO startup : Adding rescuecore2.standard.kernel.comms.ChannelCommunicationModel to kernel.communication
INFO startup : Adding rescuecore2.standard.kernel.comms.StandardCommunicationModel to kernel.communication
INFO startup : Registered factory 'rescuecore2.standard.messages.StandardMessageComponentFactory' with registry System
INFO startup : Registered factory 'rescuecore2.standard.messages.StandardMessageFactory' with registry System
INFO startup : Processing ../jars/maps.jar
DEBUG startup : Inspecting manifest...
DEBUG startup : Looking for likely class names...
INFO startup : Processing ../jars/kernel.jar
DEBUG startup : Inspecting manifest...
DEBUG startup : Looking for likely class names...
INFO startup : Adding kernel.AbstractCommunicationModel to kernel.communication
INFO startup : Adding kernel.RemoteGISWorldModelCreator to kernel.gis
INFO startup : Processing ../jars/clear.jar
DEBUG startup : Inspecting manifest...
DEBUG startup : Looking for likely class names...
INFO startup : Adding clear.ClearSimulator to kernel.simulators
Waiting for 'Listening for connections'...
Still waiting for 'Listening for connections'...
Still waiting for 'Listening for connections'...
Still waiting for 'Listening for connections'...
waiting for misc to connect...
Waiting for '/home/milim/agent/rcrs-server/logs/log/misc-out.log' to exist...
Still waiting for '/home/milim/agent/rcrs-server/logs/log/misc-out.log' to exist...
TRACE launcher : Reading included config 'common.cfg'
TRACE launcher : Reading included config 'types.cfg'
TRACE launcher : Setting 'loadabletypes.inspect.dir' to '../jars'
TRACE launcher : Setting 'loadabletypes.inspect.deep' to 'yes'
TRACE launcher : Setting 'random.seed' to '1023'
TRACE launcher : Setting 'scenario.human.random-id' to 'true'
TRACE launcher : Setting 'kernel.host' to 'localhost'
TRACE launcher : Setting 'kernel.port' to '27931'
TRACE launcher : Setting 'misc.buriedness.wood.none.value' to '0'
TRACE launcher : Setting 'misc.buriedness.wood.partial.value' to '0'
TRACE launcher : Setting 'misc.buriedness.wood.half.value' to '0'
TRACE launcher : Setting 'misc.buriedness.wood.all.value' to '0'
TRACE launcher : Setting 'misc.buriedness.steel.none.value' to '0'
TRACE launcher : Setting 'misc.buriedness.steel.partial.value' to '0'
TRACE launcher : Setting 'misc.buriedness.steel.half.value' to '0'
TRACE launcher : Setting 'misc.buriedness.steel.all.value' to '0'
TRACE launcher : Setting 'misc.buriedness.concrete.none.value' to '0'
TRACE launcher : Setting 'misc.buriedness.concrete.partial.value' to '0'
TRACE launcher : Setting 'misc.buriedness.concrete.half.value' to '0'
TRACE launcher : Setting 'misc.buriedness.concrete.all.value' to '0'
TRACE launcher : Setting 'misc.buriedness.wood.none.rate' to '0'
TRACE launcher : Setting 'misc.buriedness.wood.partial.rate' to '1'
TRACE launcher : Setting 'misc.buriedness.wood.half.rate' to '1'
TRACE launcher : Setting 'misc.buriedness.wood.all.rate' to '1'
TRACE launcher : Setting 'misc.buriedness.steel.none.rate' to '0'
TRACE launcher : Setting 'misc.buriedness.steel.partial.rate' to '0.008'
TRACE launcher : Setting 'misc.buriedness.steel.half.rate' to '0.008'
TRACE launcher : Setting 'misc.buriedness.steel.all.rate' to '0.008'
TRACE launcher : Setting 'misc.buriedness.concrete.none.rate' to '0'
TRACE launcher : Setting 'misc.buriedness.concrete.partial.rate' to '0.008'
TRACE launcher : Setting 'misc.buriedness.concrete.half.rate' to '0.008'
TRACE launcher : Setting 'misc.buriedness.concrete.all.rate' to '0.008'
TRACE launcher : Setting 'misc.injury.collapse.wood.none.slight' to '0'
TRACE launcher : Setting 'misc.injury.collapse.wood.none.serious' to '0'
TRACE launcher : Setting 'misc.injury.collapse.wood.none.critical' to '0'
TRACE launcher : Setting 'misc.injury.collapse.wood.partial.slight' to '0.5'
TRACE launcher : Setting 'misc.injury.collapse.wood.partial.serious' to '0.3'
TRACE launcher : Setting 'misc.injury.collapse.wood.partial.critical' to '0.02'
TRACE launcher : Setting 'misc.injury.collapse.wood.half.slight' to '0.5'
TRACE launcher : Setting 'misc.injury.collapse.wood.half.serious' to '0.3'
TRACE launcher : Setting 'misc.injury.collapse.wood.half.critical' to '0.02'
TRACE launcher : Setting 'misc.injury.collapse.wood.all.slight' to '0.5'
TRACE launcher : Setting 'misc.injury.collapse.wood.all.serious' to '0.3'
TRACE launcher : Setting 'misc.injury.collapse.wood.all.critical' to '0.02'
TRACE launcher : Setting 'misc.injury.collapse.steel.none.slight' to '0'
TRACE launcher : Setting 'misc.injury.collapse.steel.none.serious' to '0'
TRACE launcher : Setting 'misc.injury.collapse.steel.none.critical' to '0'
TRACE launcher : Setting 'misc.injury.collapse.steel.partial.slight' to '0.1'
TRACE launcher : Setting 'misc.injury.collapse.steel.partial.serious' to '0.03'
TRACE launcher : Setting 'misc.injury.collapse.steel.partial.critical' to '0.005'
TRACE launcher : Setting 'misc.injury.collapse.steel.half.slight' to '0.1'
TRACE launcher : Setting 'misc.injury.collapse.steel.half.serious' to '0.03'
TRACE launcher : Setting 'misc.injury.collapse.steel.half.critical' to '0.005'
TRACE launcher : Setting 'misc.injury.collapse.steel.all.slight' to '0.1'
TRACE launcher : Setting 'misc.injury.collapse.steel.all.serious' to '0.03'
TRACE launcher : Setting 'misc.injury.collapse.steel.all.critical' to '0.005'
TRACE launcher : Setting 'misc.injury.collapse.concrete.none.slight' to '0'
TRACE launcher : Setting 'misc.injury.collapse.concrete.none.serious' to '0'
TRACE launcher : Setting 'misc.injury.collapse.concrete.none.critical' to '0'
TRACE launcher : Setting 'misc.injury.collapse.concrete.partial.slight' to '0.1'
TRACE launcher : Setting 'misc.injury.collapse.concrete.partial.serious' to '0.03'
TRACE launcher : Setting 'misc.injury.collapse.concrete.partial.critical' to '0.005'
TRACE launcher : Setting 'misc.injury.collapse.concrete.half.slight' to '0.1'
TRACE launcher : Setting 'misc.injury.collapse.concrete.half.serious' to '0.03'
TRACE launcher : Setting 'misc.injury.collapse.concrete.half.critical' to '0.005'
TRACE launcher : Setting 'misc.injury.collapse.concrete.all.slight' to '0.1'
TRACE launcher : Setting 'misc.injury.collapse.concrete.all.serious' to '0.03'
TRACE launcher : Setting 'misc.injury.collapse.concrete.all.critical' to '0.005'
TRACE launcher : Setting 'misc.injury.collapse.slight' to '2'
TRACE launcher : Setting 'misc.injury.collapse.serious' to '10'
TRACE launcher : Setting 'misc.injury.collapse.critical' to '10000'
TRACE launcher : Setting 'misc.injury.collapse.multiplier.ambulance' to '0.2'
TRACE launcher : Setting 'misc.injury.collapse.multiplier.police' to '0.2'
TRACE launcher : Setting 'misc.injury.collapse.multiplier.fire' to '0.2'
TRACE launcher : Setting 'misc.injury.bury.wood.none.slight' to '0'
TRACE launcher : Setting 'misc.injury.bury.wood.none.serious' to '0'
TRACE launcher : Setting 'misc.injury.bury.wood.none.critical' to '0'
TRACE launcher : Setting 'misc.injury.bury.wood.partial.slight' to '0.4'
TRACE launcher : Setting 'misc.injury.bury.wood.partial.serious' to '0.5'
TRACE launcher : Setting 'misc.injury.bury.wood.partial.critical' to '0.1'
TRACE launcher : Setting 'misc.injury.bury.wood.half.slight' to '0.4'
TRACE launcher : Setting 'misc.injury.bury.wood.half.serious' to '0.5'
TRACE launcher : Setting 'misc.injury.bury.wood.half.critical' to '0.1'
TRACE launcher : Setting 'misc.injury.bury.wood.all.slight' to '0.4'
TRACE launcher : Setting 'misc.injury.bury.wood.all.serious' to '0.5'
TRACE launcher : Setting 'misc.injury.bury.wood.all.critical' to '0.1'
TRACE launcher : Setting 'misc.injury.bury.steel.none.slight' to '0'
TRACE launcher : Setting 'misc.injury.bury.steel.none.serious' to '0'
TRACE launcher : Setting 'misc.injury.bury.steel.none.critical' to '0'
TRACE launcher : Setting 'misc.injury.bury.steel.partial.slight' to '0.4'
TRACE launcher : Setting 'misc.injury.bury.steel.partial.serious' to '0.5'
TRACE launcher : Setting 'misc.injury.bury.steel.partial.critical' to '0.1'
TRACE launcher : Setting 'misc.injury.bury.steel.half.slight' to '0.4'
TRACE launcher : Setting 'misc.injury.bury.steel.half.serious' to '0.5'
TRACE launcher : Setting 'misc.injury.bury.steel.half.critical' to '0.1'
TRACE launcher : Setting 'misc.injury.bury.steel.all.slight' to '0.4'
TRACE launcher : Setting 'misc.injury.bury.steel.all.serious' to '0.5'
TRACE launcher : Setting 'misc.injury.bury.steel.all.critical' to '0.1'
TRACE launcher : Setting 'misc.injury.bury.concrete.none.slight' to '0'
TRACE launcher : Setting 'misc.injury.bury.concrete.none.serious' to '0'
TRACE launcher : Setting 'misc.injury.bury.concrete.none.critical' to '0'
TRACE launcher : Setting 'misc.injury.bury.concrete.partial.slight' to '0.4'
TRACE launcher : Setting 'misc.injury.bury.concrete.partial.serious' to '0.5'
TRACE launcher : Setting 'misc.injury.bury.concrete.partial.critical' to '0.1'
TRACE launcher : Setting 'misc.injury.bury.concrete.half.slight' to '0.4'
TRACE launcher : Setting 'misc.injury.bury.concrete.half.serious' to '0.5'
TRACE launcher : Setting 'misc.injury.bury.concrete.half.critical' to '0.1'
TRACE launcher : Setting 'misc.injury.bury.concrete.all.slight' to '0.4'
TRACE launcher : Setting 'misc.injury.bury.concrete.all.serious' to '0.5'
TRACE launcher : Setting 'misc.injury.bury.concrete.all.critical' to '0.1'
TRACE launcher : Setting 'misc.injury.bury.slight' to '3'
TRACE launcher : Setting 'misc.injury.bury.serious' to '15'
TRACE launcher : Setting 'misc.injury.bury.critical' to '100'
TRACE launcher : Setting 'misc.injury.bury.multiplier.ambulance' to '0.2'
TRACE launcher : Setting 'misc.injury.bury.multiplier.police' to '0.2'
TRACE launcher : Setting 'misc.injury.bury.multiplier.fire' to '0.2'
TRACE launcher : Setting 'misc.injury.fire.wood.none.slight' to '0.4'
TRACE launcher : Setting 'misc.injury.fire.wood.none.serious' to '0.2'
TRACE launcher : Setting 'misc.injury.fire.wood.none.critical' to '0.1'
TRACE launcher : Setting 'misc.injury.fire.wood.partial.slight' to '0.4'
TRACE launcher : Setting 'misc.injury.fire.wood.partial.serious' to '0.2'
TRACE launcher : Setting 'misc.injury.fire.wood.partial.critical' to '0.1'
TRACE launcher : Setting 'misc.injury.fire.wood.half.slight' to '0.4'
TRACE launcher : Setting 'misc.injury.fire.wood.half.serious' to '0.2'
TRACE launcher : Setting 'misc.injury.fire.wood.half.critical' to '0.1'
TRACE launcher : Setting 'misc.injury.fire.wood.all.slight' to '0.4'
TRACE launcher : Setting 'misc.injury.fire.wood.all.serious' to '0.2'
TRACE launcher : Setting 'misc.injury.fire.wood.all.critical' to '0.1'
TRACE launcher : Setting 'misc.injury.fire.steel.none.slight' to '0.4'
TRACE launcher : Setting 'misc.injury.fire.steel.none.serious' to '0.2'
TRACE launcher : Setting 'misc.injury.fire.steel.none.critical' to '0.1'
TRACE launcher : Setting 'misc.injury.fire.steel.partial.slight' to '0.4'
TRACE launcher : Setting 'misc.injury.fire.steel.partial.serious' to '0.2'
TRACE launcher : Setting 'misc.injury.fire.steel.partial.critical' to '0.1'
TRACE launcher : Setting 'misc.injury.fire.steel.half.slight' to '0.4'
TRACE launcher : Setting 'misc.injury.fire.steel.half.serious' to '0.2'
TRACE launcher : Setting 'misc.injury.fire.steel.half.critical' to '0.1'
TRACE launcher : Setting 'misc.injury.fire.steel.all.slight' to '0.4'
TRACE launcher : Setting 'misc.injury.fire.steel.all.serious' to '0.2'
TRACE launcher : Setting 'misc.injury.fire.steel.all.critical' to '0.1'
TRACE launcher : Setting 'misc.injury.fire.concrete.none.slight' to '0.4'
TRACE launcher : Setting 'misc.injury.fire.concrete.none.serious' to '0.2'
TRACE launcher : Setting 'misc.injury.fire.concrete.none.critical' to '0.1'
TRACE launcher : Setting 'misc.injury.fire.concrete.partial.slight' to '0.4'
TRACE launcher : Setting 'misc.injury.fire.concrete.partial.serious' to '0.2'
TRACE launcher : Setting 'misc.injury.fire.concrete.partial.critical' to '0.1'
TRACE launcher : Setting 'misc.injury.fire.concrete.half.slight' to '0.4'
TRACE launcher : Setting 'misc.injury.fire.concrete.half.serious' to '0.2'
TRACE launcher : Setting 'misc.injury.fire.concrete.half.critical' to '0.1'
TRACE launcher : Setting 'misc.injury.fire.concrete.all.slight' to '0.4'
TRACE launcher : Setting 'misc.injury.fire.concrete.all.serious' to '0.2'
TRACE launcher : Setting 'misc.injury.fire.concrete.all.critical' to '0.1'
TRACE launcher : Setting 'misc.injury.fire.slight' to '5'
TRACE launcher : Setting 'misc.injury.fire.serious' to '20'
TRACE launcher : Setting 'misc.injury.fire.critical' to '100'
TRACE launcher : Setting 'misc.injury.fire.multiplier.ambulance' to '1'
TRACE launcher : Setting 'misc.injury.fire.multiplier.police' to '1'
TRACE launcher : Setting 'misc.injury.fire.multiplier.fire' to '0.2'
TRACE launcher : Setting 'misc.injury.collapse.k' to '0.00025'
TRACE launcher : Setting 'misc.injury.collapse.l' to '0.01'
TRACE launcher : Setting 'misc.injury.collapse.noise.mean' to '0.1'
TRACE launcher : Setting 'misc.injury.collapse.noise.sd' to '0.01'
TRACE launcher : Setting 'misc.injury.bury.k' to '0.000035'
TRACE launcher : Setting 'misc.injury.bury.l' to '0.01'
TRACE launcher : Setting 'misc.injury.bury.noise.mean' to '0.1'
TRACE launcher : Setting 'misc.injury.bury.noise.sd' to '0.01'
TRACE launcher : Setting 'misc.injury.fire.k' to '0.00025'
TRACE launcher : Setting 'misc.injury.fire.l' to '0.03'
TRACE launcher : Setting 'misc.injury.fire.noise.mean' to '0.1'
TRACE launcher : Setting 'misc.injury.fire.noise.sd' to '0.01'
INFO launcher : Processing jar directory: /home/milim/agent/rcrs-server/scripts/../jars
INFO launcher : Processing ../jars/resq-fire.jar
DEBUG launcher : Inspecting manifest...
DEBUG launcher : Looking for likely class names...
WARN launcher : Class firesimulator.gui.GUILayerFactory not found
WARN launcher : Class rescuecore.tools.mapgenerator.RoadSetFactory not found
INFO launcher : Processing ../jars/traffic3.jar
DEBUG launcher : Inspecting manifest...
DEBUG launcher : Looking for likely class names...
INFO launcher : Processing ../jars/misc.jar
DEBUG launcher : Inspecting manifest...
DEBUG launcher : Looking for likely class names...
INFO launcher : Processing ../jars/ignition.jar
DEBUG launcher : Inspecting manifest...
DEBUG launcher : Looking for likely class names...
INFO launcher : Processing ../jars/gis2.jar
DEBUG launcher : Inspecting manifest...
DEBUG launcher : Looking for likely class names...
INFO launcher : Processing ../jars/collapse.jar
DEBUG launcher : Inspecting manifest...
DEBUG launcher : Looking for likely class names...
INFO launcher : Processing ../jars/sample.jar
DEBUG launcher : Inspecting manifest...
DEBUG launcher : Looking for likely class names...
INFO launcher : Processing ../jars/standard.jar
DEBUG launcher : Inspecting manifest...
DEBUG launcher : Looking for likely class names...
INFO launcher : Registered factory 'rescuecore2.standard.entities.StandardEntityFactory' with registry System
INFO launcher : Registered factory 'rescuecore2.standard.entities.StandardPropertyFactory' with registry System
INFO launcher : Registered factory 'rescuecore2.standard.messages.StandardMessageComponentFactory' with registry System
INFO launcher : Registered factory 'rescuecore2.standard.messages.StandardMessageFactory' with registry System
INFO launcher : Processing ../jars/maps.jar
DEBUG launcher : Inspecting manifest...
DEBUG launcher : Looking for likely class names...
INFO launcher : Processing ../jars/kernel.jar
DEBUG launcher : Inspecting manifest...
DEBUG launcher : Looking for likely class names...
INFO launcher : Processing ../jars/clear.jar
DEBUG launcher : Inspecting manifest...
DEBUG launcher : Looking for likely class names...
INFO launcher : Launching 1 instances of component 'misc.MiscSimulator'...
INFO launcher : Launching instance 1...
WARN misc.MiscSimulator : Unrecognised message urn: KS_AFTERSHOCKS_INFO
Waiting for 'success'...
Still waiting for 'success'...
INFO launcher : success
waiting for traffic to connect...
Waiting for '/home/milim/agent/rcrs-server/logs/log/traffic-out.log' to exist...
Still waiting for '/home/milim/agent/rcrs-server/logs/log/traffic-out.log' to exist...
TRACE launcher : Reading included config 'common.cfg'
TRACE launcher : Reading included config 'types.cfg'
TRACE launcher : Setting 'loadabletypes.inspect.dir' to '../jars'
TRACE launcher : Setting 'loadabletypes.inspect.deep' to 'yes'
TRACE launcher : Setting 'random.seed' to '1023'
TRACE launcher : Setting 'scenario.human.random-id' to 'true'
TRACE launcher : Setting 'kernel.host' to 'localhost'
TRACE launcher : Setting 'kernel.port' to '27931'
INFO launcher : Processing jar directory: /home/milim/agent/rcrs-server/scripts/../jars
INFO launcher : Processing ../jars/resq-fire.jar
DEBUG launcher : Inspecting manifest...
DEBUG launcher : Looking for likely class names...
WARN launcher : Class firesimulator.gui.GUILayerFactory not found
WARN launcher : Class rescuecore.tools.mapgenerator.RoadSetFactory not found
INFO launcher : Processing ../jars/traffic3.jar
DEBUG launcher : Inspecting manifest...
DEBUG launcher : Looking for likely class names...
INFO launcher : Processing ../jars/misc.jar
DEBUG launcher : Inspecting manifest...
DEBUG launcher : Looking for likely class names...
INFO launcher : Processing ../jars/ignition.jar
DEBUG launcher : Inspecting manifest...
DEBUG launcher : Looking for likely class names...
INFO launcher : Processing ../jars/gis2.jar
DEBUG launcher : Inspecting manifest...
DEBUG launcher : Looking for likely class names...
INFO launcher : Processing ../jars/collapse.jar
DEBUG launcher : Inspecting manifest...
DEBUG launcher : Looking for likely class names...
INFO launcher : Processing ../jars/sample.jar
DEBUG launcher : Inspecting manifest...
DEBUG launcher : Looking for likely class names...
INFO launcher : Processing ../jars/standard.jar
DEBUG launcher : Inspecting manifest...
DEBUG launcher : Looking for likely class names...
INFO launcher : Registered factory 'rescuecore2.standard.entities.StandardEntityFactory' with registry System
INFO launcher : Registered factory 'rescuecore2.standard.entities.StandardPropertyFactory' with registry System
INFO launcher : Registered factory 'rescuecore2.standard.messages.StandardMessageComponentFactory' with registry System
INFO launcher : Registered factory 'rescuecore2.standard.messages.StandardMessageFactory' with registry System
INFO launcher : Processing ../jars/maps.jar
DEBUG launcher : Inspecting manifest...
DEBUG launcher : Looking for likely class names...
INFO launcher : Processing ../jars/kernel.jar
DEBUG launcher : Inspecting manifest...
DEBUG launcher : Looking for likely class names...
INFO launcher : Processing ../jars/clear.jar
DEBUG launcher : Inspecting manifest...
DEBUG launcher : Looking for likely class names...
INFO launcher : Launching 1 instances of component 'traffic3.simulator.TrafficSimulator'...
INFO launcher : Launching instance 1...
WARN traffic3.simulator.TrafficSimulator : Unrecognised message urn: KS_AFTERSHOCKS_INFO
INFO launcher : success
Waiting for 'success'...
waiting for collapse to connect...
Waiting for '/home/milim/agent/rcrs-server/logs/log/collapse-out.log' to exist...
Still waiting for '/home/milim/agent/rcrs-server/logs/log/collapse-out.log' to exist...
TRACE launcher : Reading included config 'common.cfg'
TRACE launcher : Reading included config 'types.cfg'
TRACE launcher : Setting 'loadabletypes.inspect.dir' to '../jars'
TRACE launcher : Setting 'loadabletypes.inspect.deep' to 'yes'
TRACE launcher : Setting 'random.seed' to '1023'
TRACE launcher : Setting 'scenario.human.random-id' to 'true'
TRACE launcher : Setting 'kernel.host' to 'localhost'
TRACE launcher : Setting 'kernel.port' to '27931'
TRACE launcher : Setting 'collapse.wood.p-destroyed' to '0.6'
TRACE launcher : Setting 'collapse.wood.p-severe' to '0.4'
TRACE launcher : Setting 'collapse.wood.p-moderate' to '0'
TRACE launcher : Setting 'collapse.wood.p-slight' to '0'
TRACE launcher : Setting 'collapse.wood.p-none' to '0'
TRACE launcher : Setting 'collapse.steel.p-destroyed' to '0.6'
TRACE launcher : Setting 'collapse.steel.p-severe' to '0.4'
TRACE launcher : Setting 'collapse.steel.p-moderate' to '0'
TRACE launcher : Setting 'collapse.steel.p-slight' to '0'
TRACE launcher : Setting 'collapse.steel.p-none' to '0'
TRACE launcher : Setting 'collapse.concrete.p-destroyed' to '0.4'
TRACE launcher : Setting 'collapse.concrete.p-severe' to '0.6'
TRACE launcher : Setting 'collapse.concrete.p-moderate' to '0'
TRACE launcher : Setting 'collapse.concrete.p-slight' to '0'
TRACE launcher : Setting 'collapse.concrete.p-none' to '0'
TRACE launcher : Setting 'collapse.destroyed.mean' to '100'
TRACE launcher : Setting 'collapse.destroyed.sd' to '5'
TRACE launcher : Setting 'collapse.severe.mean' to '75'
TRACE launcher : Setting 'collapse.severe.sd' to '5'
TRACE launcher : Setting 'collapse.moderate.mean' to '50'
TRACE launcher : Setting 'collapse.moderate.sd' to '5'
TRACE launcher : Setting 'collapse.slight.mean' to '25'
TRACE launcher : Setting 'collapse.slight.sd' to '5'
TRACE launcher : Setting 'collapse.create-road-blockages' to 'false'
TRACE launcher : Setting 'collapse.floor-height' to '7'
TRACE launcher : Setting 'collapse.wall-extent.min' to '0.4'
TRACE launcher : Setting 'collapse.wall-extent.max' to '1'
INFO launcher : Processing jar directory: /home/milim/agent/rcrs-server/scripts/../jars
INFO launcher : Processing ../jars/resq-fire.jar
DEBUG launcher : Inspecting manifest...
DEBUG launcher : Looking for likely class names...
WARN launcher : Class firesimulator.gui.GUILayerFactory not found
WARN launcher : Class rescuecore.tools.mapgenerator.RoadSetFactory not found
INFO launcher : Processing ../jars/traffic3.jar
DEBUG launcher : Inspecting manifest...
DEBUG launcher : Looking for likely class names...
INFO launcher : Processing ../jars/misc.jar
DEBUG launcher : Inspecting manifest...
DEBUG launcher : Looking for likely class names...
INFO launcher : Processing ../jars/ignition.jar
DEBUG launcher : Inspecting manifest...
DEBUG launcher : Looking for likely class names...
INFO launcher : Processing ../jars/gis2.jar
DEBUG launcher : Inspecting manifest...
DEBUG launcher : Looking for likely class names...
INFO launcher : Processing ../jars/collapse.jar
DEBUG launcher : Inspecting manifest...
DEBUG launcher : Looking for likely class names...
INFO launcher : Processing ../jars/sample.jar
DEBUG launcher : Inspecting manifest...
DEBUG launcher : Looking for likely class names...
INFO launcher : Processing ../jars/standard.jar
DEBUG launcher : Inspecting manifest...
DEBUG launcher : Looking for likely class names...
INFO launcher : Registered factory 'rescuecore2.standard.entities.StandardEntityFactory' with registry System
INFO launcher : Registered factory 'rescuecore2.standard.entities.StandardPropertyFactory' with registry System
INFO launcher : Registered factory 'rescuecore2.standard.messages.StandardMessageComponentFactory' with registry System
INFO launcher : Registered factory 'rescuecore2.standard.messages.StandardMessageFactory' with registry System
INFO launcher : Processing ../jars/maps.jar
DEBUG launcher : Inspecting manifest...
DEBUG launcher : Looking for likely class names...
INFO launcher : Processing ../jars/kernel.jar
DEBUG launcher : Inspecting manifest...
DEBUG launcher : Looking for likely class names...
INFO launcher : Processing ../jars/clear.jar
DEBUG launcher : Inspecting manifest...
DEBUG launcher : Looking for likely class names...
INFO launcher : Launching 1 instances of component 'collapse.CollapseSimulator'...
INFO launcher : Launching instance 1...
WARN collapse.CollapseSimulator : Unrecognised message urn: KS_AFTERSHOCKS_INFO
Waiting for 'success'...
Still waiting for 'success'...
INFO launcher : success
waiting for clear to connect...
Waiting for '/home/milim/agent/rcrs-server/logs/log/clear-out.log' to exist...
Still waiting for '/home/milim/agent/rcrs-server/logs/log/clear-out.log' to exist...
TRACE launcher : Reading included config 'common.cfg'
TRACE launcher : Reading included config 'types.cfg'
TRACE launcher : Setting 'loadabletypes.inspect.dir' to '../jars'
TRACE launcher : Setting 'loadabletypes.inspect.deep' to 'yes'
TRACE launcher : Setting 'random.seed' to '1023'
TRACE launcher : Setting 'scenario.human.random-id' to 'true'
TRACE launcher : Setting 'kernel.host' to 'localhost'
TRACE launcher : Setting 'kernel.port' to '27931'
TRACE launcher : Setting 'clear.repair.rate' to '15'
TRACE launcher : Setting 'clear.repair.distance' to '10000'
TRACE launcher : Setting 'clear.repair.rad' to '2000'
INFO launcher : Processing jar directory: /home/milim/agent/rcrs-server/scripts/../jars
INFO launcher : Processing ../jars/resq-fire.jar
DEBUG launcher : Inspecting manifest...
DEBUG launcher : Looking for likely class names...
WARN launcher : Class firesimulator.gui.GUILayerFactory not found
WARN launcher : Class rescuecore.tools.mapgenerator.RoadSetFactory not found
INFO launcher : Processing ../jars/traffic3.jar
DEBUG launcher : Inspecting manifest...
DEBUG launcher : Looking for likely class names...
INFO launcher : Processing ../jars/misc.jar
DEBUG launcher : Inspecting manifest...
DEBUG launcher : Looking for likely class names...
INFO launcher : Processing ../jars/ignition.jar
DEBUG launcher : Inspecting manifest...
DEBUG launcher : Looking for likely class names...
INFO launcher : Processing ../jars/gis2.jar
DEBUG launcher : Inspecting manifest...
DEBUG launcher : Looking for likely class names...
INFO launcher : Processing ../jars/collapse.jar
DEBUG launcher : Inspecting manifest...
DEBUG launcher : Looking for likely class names...
INFO launcher : Processing ../jars/sample.jar
DEBUG launcher : Inspecting manifest...
DEBUG launcher : Looking for likely class names...
INFO launcher : Processing ../jars/standard.jar
DEBUG launcher : Inspecting manifest...
DEBUG launcher : Looking for likely class names...
INFO launcher : Registered factory 'rescuecore2.standard.entities.StandardEntityFactory' with registry System
INFO launcher : Registered factory 'rescuecore2.standard.entities.StandardPropertyFactory' with registry System
INFO launcher : Registered factory 'rescuecore2.standard.messages.StandardMessageComponentFactory' with registry System
INFO launcher : Registered factory 'rescuecore2.standard.messages.StandardMessageFactory' with registry System
INFO launcher : Processing ../jars/maps.jar
DEBUG launcher : Inspecting manifest...
DEBUG launcher : Looking for likely class names...
INFO launcher : Processing ../jars/kernel.jar
DEBUG launcher : Inspecting manifest...
DEBUG launcher : Looking for likely class names...
INFO launcher : Processing ../jars/clear.jar
DEBUG launcher : Inspecting manifest...
DEBUG launcher : Looking for likely class names...
INFO launcher : Launching 1 instances of component 'clear.ClearSimulator'...
INFO launcher : Launching instance 1...
WARN clear.ClearSimulator : Unrecognised message urn: KS_AFTERSHOCKS_INFO
INFO launcher : success
Waiting for 'success'...
waiting for viewer to connect...
Waiting for '/home/milim/agent/rcrs-server/logs/log/viewer-out.log' to exist...
Still waiting for '/home/milim/agent/rcrs-server/logs/log/viewer-out.log' to exist...
TRACE launcher : Reading included config 'common.cfg'
TRACE launcher : Reading included config 'types.cfg'
TRACE launcher : Reading included config 'common.cfg'
TRACE launcher : Reading included config 'types.cfg'
TRACE launcher : Setting 'loadabletypes.inspect.dir' to '../jars'
TRACE launcher : Setting 'loadabletypes.inspect.deep' to 'yes'
TRACE launcher : Setting 'random.seed' to '1023'
TRACE launcher : Setting 'scenario.human.random-id' to 'true'
TRACE launcher : Setting 'kernel.host' to 'localhost'
TRACE launcher : Setting 'kernel.port' to '27931'
TRACE launcher : Setting 'civilian.help.probability' to '0.1'
TRACE launcher : Setting 'civilian.ouch.probability' to '0.1'
TRACE launcher : Setting 'civilian.conscious.threshold' to '2500'
TRACE launcher : Setting 'loadabletypes.inspect.dir' to '../jars'
TRACE launcher : Setting 'loadabletypes.inspect.deep' to 'yes'
TRACE launcher : Setting 'random.seed' to '1023'
TRACE launcher : Setting 'scenario.human.random-id' to 'true'
TRACE launcher : Setting 'kernel.host' to 'localhost'
TRACE launcher : Setting 'kernel.port' to '27931'
TRACE launcher : Reading included config 'score.cfg'
TRACE launcher : Setting 'score.function' to 'rescuecore2.standard.score.RSL21ScoreFunction'
TRACE launcher : Setting 'score.standard.building-fire.heating' to '0.66'
TRACE launcher : Setting 'score.standard.building-fire.burning' to '0.33'
TRACE launcher : Setting 'score.standard.building-fire.inferno' to '0.0'
TRACE launcher : Setting 'score.standard.building-fire.water-damage' to '0.90'
TRACE launcher : Setting 'score.standard.building-fire.minor-damage' to '0.75'
TRACE launcher : Setting 'score.standard.building-fire.moderate-damage' to '0.5'
TRACE launcher : Setting 'score.standard.building-fire.severe-damage' to '0.25'
TRACE launcher : Setting 'score.standard.building-fire.burnt-out' to '0'
TRACE launcher : Setting 'score.standard.building-fire.absolute' to 'false'
TRACE launcher : Setting 'score.standard.health.absolute' to 'false'
TRACE launcher : Setting 'view.standard.human.icons.size' to '24'
TRACE launcher : Setting 'view.standard.human.icons.use' to 'no'
INFO launcher : Processing jar directory: /home/milim/agent/rcrs-server/scripts/../jars
INFO launcher : Processing jar directory: /home/milim/agent/rcrs-server/scripts/../jars
INFO launcher : Processing ../jars/resq-fire.jar
DEBUG launcher : Inspecting manifest...
DEBUG launcher : Looking for likely class names...
INFO launcher : Processing ../jars/resq-fire.jar
DEBUG launcher : Inspecting manifest...
DEBUG launcher : Looking for likely class names...
WARN launcher : Class firesimulator.gui.GUILayerFactory not found
WARN launcher : Class firesimulator.gui.GUILayerFactory not found
WARN launcher : Class rescuecore.tools.mapgenerator.RoadSetFactory not found
WARN launcher : Class rescuecore.tools.mapgenerator.RoadSetFactory not found
INFO launcher : Processing ../jars/traffic3.jar
DEBUG launcher : Inspecting manifest...
DEBUG launcher : Looking for likely class names...
INFO launcher : Processing ../jars/traffic3.jar
DEBUG launcher : Inspecting manifest...
DEBUG launcher : Looking for likely class names...
INFO launcher : Processing ../jars/misc.jar
INFO launcher : Processing ../jars/misc.jar
DEBUG launcher : Inspecting manifest...
DEBUG launcher : Looking for likely class names...
DEBUG launcher : Inspecting manifest...
DEBUG launcher : Looking for likely class names...
INFO launcher : Processing ../jars/ignition.jar
INFO launcher : Processing ../jars/ignition.jar
DEBUG launcher : Inspecting manifest...
DEBUG launcher : Inspecting manifest...
DEBUG launcher : Looking for likely class names...
DEBUG launcher : Looking for likely class names...
INFO launcher : Processing ../jars/gis2.jar
INFO launcher : Processing ../jars/gis2.jar
DEBUG launcher : Inspecting manifest...
DEBUG launcher : Looking for likely class names...
DEBUG launcher : Inspecting manifest...
DEBUG launcher : Looking for likely class names...
INFO launcher : Processing ../jars/collapse.jar
DEBUG launcher : Inspecting manifest...
DEBUG launcher : Looking for likely class names...
INFO launcher : Processing ../jars/collapse.jar
DEBUG launcher : Inspecting manifest...
DEBUG launcher : Looking for likely class names...
INFO launcher : Processing ../jars/sample.jar
DEBUG launcher : Inspecting manifest...
DEBUG launcher : Looking for likely class names...
INFO launcher : Processing ../jars/sample.jar
DEBUG launcher : Inspecting manifest...
DEBUG launcher : Looking for likely class names...
INFO launcher : Processing ../jars/standard.jar
DEBUG launcher : Inspecting manifest...
DEBUG launcher : Looking for likely class names...
INFO launcher : Processing ../jars/standard.jar
DEBUG launcher : Inspecting manifest...
DEBUG launcher : Looking for likely class names...
INFO launcher : Registered factory 'rescuecore2.standard.entities.StandardEntityFactory' with registry System
INFO launcher : Registered factory 'rescuecore2.standard.entities.StandardPropertyFactory' with registry System
INFO launcher : Registered factory 'rescuecore2.standard.entities.StandardEntityFactory' with registry System
INFO launcher : Registered factory 'rescuecore2.standard.messages.StandardMessageComponentFactory' with registry System
INFO launcher : Registered factory 'rescuecore2.standard.entities.StandardPropertyFactory' with registry System
INFO launcher : Registered factory 'rescuecore2.standard.messages.StandardMessageFactory' with registry System
INFO launcher : Registered factory 'rescuecore2.standard.messages.StandardMessageComponentFactory' with registry System
INFO launcher : Registered factory 'rescuecore2.standard.messages.StandardMessageFactory' with registry System
INFO launcher : Processing ../jars/maps.jar
DEBUG launcher : Inspecting manifest...
DEBUG launcher : Looking for likely class names...
INFO launcher : Processing ../jars/kernel.jar
DEBUG launcher : Inspecting manifest...
DEBUG launcher : Looking for likely class names...
INFO launcher : Processing ../jars/maps.jar
INFO launcher : Processing ../jars/clear.jar
DEBUG launcher : Inspecting manifest...
DEBUG launcher : Looking for likely class names...
DEBUG launcher : Inspecting manifest...
DEBUG launcher : Looking for likely class names...
INFO launcher : Launching many instances of component 'sample.SampleCivilian'...
INFO launcher : Processing ../jars/kernel.jar
DEBUG launcher : Inspecting manifest...
DEBUG launcher : Looking for likely class names...
INFO launcher : Processing ../jars/clear.jar
DEBUG launcher : Inspecting manifest...
DEBUG launcher : Looking for likely class names...
INFO launcher : Launching 1 instances of component 'sample.SampleViewer'...
INFO launcher : Launching instance 1...
INFO launcher : Launching instance 1...
Waiting for 'success'...
Still waiting for 'success'...
INFO launcher : success
INFO launcher : Launching instance 2...
INFO launcher : success
INFO launcher : Launching instance 3...
INFO launcher : success
INFO launcher : Launching instance 4...
INFO launcher : success
INFO launcher : Launching instance 5...
INFO launcher : success
INFO launcher : Launching instance 6...
INFO launcher : success
INFO launcher : Launching instance 7...
INFO launcher : success
INFO launcher : Launching instance 8...
INFO launcher : success
INFO launcher : Launching instance 9...
INFO launcher : success
INFO launcher : success
INFO launcher : Launching instance 10...
Start your agents
Waiting for '/home/milim/agent/rcrs-server/logs/log/kernel.log' to exist...
Waiting for 'Kernel has shut down'...
INFO launcher : success
INFO launcher : Launching instance 11...
INFO launcher : success
INFO launcher : Launching instance 12...
INFO launcher : success
INFO launcher : Launching instance 13...
INFO launcher : success
INFO launcher : Launching instance 14...
INFO launcher : success
INFO launcher : Launching instance 15...
INFO launcher : success
INFO launcher : Launching instance 16...
INFO launcher : success
INFO launcher : Launching instance 17...
INFO launcher : failed: No more agents
My position=38986 is null??? Civilian (179678763)
My position=38986 is null??? Civilian (832664287)
My position=38986 is null??? Civilian (942209455)
My position=38986 is null??? Civilian (986890553)
My position=38986 is null??? Civilian (179678763)
My position=38986 is null??? Civilian (832664287)
My position=38986 is null??? Civilian (942209455)
My position=38986 is null??? Civilian (986890553)
My position=38986 is null??? Civilian (832664287)
My position=38986 is null??? Civilian (832664287)
My position=38986 is null??? Civilian (832664287)
Building (38305)
My position=38986 is null??? Civilian (832664287)
My position=38986 is null??? Civilian (832664287)
My position=38986 is null??? Civilian (832664287)
My position=38986 is null??? Civilian (832664287)
